slidingMenuLib/build/outputs/logs/manifest-merger-debug-report.txt
-- Merging decision tree log ---
manifest
ADDED from FixtureMakerSocial\slidingMenuLib\AndroidManifest.xml:2:1-8:12
INJECTED from FixtureMakerSocial\slidingMenuLib\AndroidManifest.xml:2:1-8:12
INJECTED from FixtureMakerSocial\slidingMenuLib\AndroidManifest.xml:2:1-8:12
	package
		ADDED from FixtureMakerSocial\slidingMenuLib\AndroidManifest.xml:3:5-50
		INJECTED from FixtureMakerSocial\slidingMenuLib\AndroidManifest.xml
		INJECTED from FixtureMakerSocial\slidingMenuLib\AndroidManifest.xml
	xsi:schemaLocation
		ADDED from FixtureMakerSocial\slidingMenuLib\AndroidManifest.xml:5:5-69
	xmlns:xsi
		ADDED from FixtureMakerSocial\slidingMenuLib\AndroidManifest.xml:4:5-58
uses-sdk
INJECTED from FixtureMakerSocial\slidingMenuLib\AndroidManifest.xml reason: use-sdk injection requested
INJECTED from FixtureMakerSocial\slidingMenuLib\AndroidManifest.xml
INJECTED from FixtureMakerSocial\slidingMenuLib\AndroidManifest.xml
INJECTED from FixtureMakerSocial\slidingMenuLib\AndroidManifest.xml
INJECTED from FixtureMakerSocial\slidingMenuLib\AndroidManifest.xml
	android:targetSdkVersion
		INJECTED from FixtureMakerSocial\slidingMenuLib\AndroidManifest.xml
		ADDED from FixtureMakerSocial\slidingMenuLib\AndroidManifest.xml
		INJECTED from FixtureMakerSocial\slidingMenuLib\AndroidManifest.xml
	android:minSdkVersion
		INJECTED from FixtureMakerSocial\slidingMenuLib\AndroidManifest.xml
		ADDED from FixtureMakerSocial\slidingMenuLib\AndroidManifest.xml
		INJECTED from FixtureMakerSocial\slidingMenuLib\AndroidManifest.xml